<?xml version="1.0" encoding="UTF-8"?>
<testng-results skipped="0" failed="0" ignored="0" total="1" passed="1">
  <reporter-output>
  </reporter-output>
  <suite name="Default suite" duration-ms="26548" started-at="2018-09-12T03:44:08Z" finished-at="2018-09-12T03:44:34Z">
    <groups>
    </groups>
    <test name="Default test" duration-ms="26548" started-at="2018-09-12T03:44:08Z" finished-at="2018-09-12T03:44:34Z">
      <class name="tests.Expedia">
        <test-method status="PASS" signature="setUp()[pri:0, instance:tests.Expedia@6ee52dcd]" name="setUp" is-config="true" duration-ms="6153" started-at="2018-09-12T03:44:08Z" finished-at="2018-09-12T03:44:14Z">
          <reporter-output>
          </reporter-output>
        </test-method> <!-- setUp -->
        <test-method status="PASS" signature="hotelReservation()[pri:0, instance:tests.Expedia@6ee52dcd]" name="hotelReservation" duration-ms="20380" started-at="2018-09-12T03:44:14Z" finished-at="2018-09-12T03:44:34Z">
          <reporter-output>
          </reporter-output>
        </test-method> <!-- hotelReservation -->
        <test-method status="PASS" signature="tearDown()[pri:0, instance:tests.Expedia@6ee52dcd]" name="tearDown" is-config="true" duration-ms="0" started-at="2018-09-12T03:44:34Z" finished-at="2018-09-12T03:44:34Z">
          <reporter-output>
          </reporter-output>
        </test-method> <!-- tearDown -->
      </class> <!-- tests.Expedia -->
    </test> <!-- Default test -->
  </suite> <!-- Default suite -->
</testng-results>
